[13:45:25] [main/INFO]: Loading for game Minecraft 20w18a
[13:45:26] [main/INFO]: [FabricLoader] Loading 37 mods: minecraft@1.16-alpha.20.18.a, fabric-networking-blockentity-v0@0.2.5+b50ffc7be8, fabric-renderer-api-v1@0.2.12+12a8474ce8, fabric-keybindings-v0@0.1.1+dfdb52d6e8, fabric-command-api-v1@1.0.1+fcb6b9aae8, fabricloader@0.8.2+build.194, customskinloader@14.12-SNAPSHOT-109, fabric-tool-attribute-api-v1@1.0.3+686e6e57e8, fabric-renderer-indigo@0.2.29+6c0e72dfe8, fabric-containers-v0@0.1.7+d249f7b6e8, fabric-dimensions-v1@0.4.1+686e6e57e8, fabric-object-builder-api-v1@1.0.1+bf7c167ae8, fabric-biomes-v1@0.2.2+2fd224cae8, fabric-events-interaction-v0@0.3.0+04b99794e8, fabric-crash-report-info-v1@0.1.2+b7f9825de8, fabric-api-base@0.1.3+12a8474ce8, fabric-rendering-v0@1.1.0+53410490e8, fabric-rendering-v1@1.1.0+304e48ebe8, fabric-rendering-data-attachment-v1@0.1.3+b7f9825de8, fabric-resource-loader-v0@0.1.14+2fd224cae8, fabric-textures-v0@1.0.4+821cdba7e8, fabric-content-registries-v0@0.1.5+88afe607e8, fabric-tag-extensions-v0@0.2.4+2fd224cae8, fabric-rendering-fluids-v1@0.1.7+12a8474ce8, fabric-commands-v0@0.2.0+52d30836e8, fabric-registry-sync-v0@0.3.1+686e6e57e8, fabric-blockrenderlayer-v1@1.1.4+c6a8ea89e8, fabric-mining-levels-v0@0.1.2+b764ce99e8, fabric-renderer-registries-v1@2.0.1+5a0f9a60e8, fabric-events-lifecycle-v0@0.1.2+1a47cd78e8, fabric-loot-tables-v1@0.1.6+2f56dff2e8, fabric@0.10.2+build.337-1.16, fabric-item-groups-v0@0.1.12+2fd224cae8, fabric-models-v0@0.1.0+dfdb52d6e8, fabric-particles-v1@0.1.2+12a8474ce8, fabric-networking-v0@0.1.9+1a47cd78e8, fabric-object-builders-v0@0.5.0+bf7c167ae8
[13:45:26] [main/INFO]: SpongePowered MIXIN Subsystem Version=0.8 Source=file:/root/workspace/fabric-server-launch.jar Service=Knot/Fabric Env=SERVER
[13:45:31] [main/ERROR]: Unable to bootstrap registry 'minecraft:chunk_generator_type'
[13:45:31] [main/ERROR]: Registry 'minecraft:chunk_generator_type' was empty after loading
[13:45:32] [main/INFO]: Environment: authHost='https://authserver.mojang.com', accountsHost='https://api.mojang.com', sessionHost='https://sessionserver.mojang.com', name='PROD'
[13:45:32] [main/INFO]: [fabric-registry-sync] Loaded registry data [file 1/4]
[13:45:32] [main/INFO]: [fabric-registry-sync] Loaded registry data [file 1/4]
[13:45:32] [main/WARN]: Ambiguity between arguments [teleport, destination] and [teleport, targets] with inputs: [Player, 0123, @e, dd12be42-52a9-4a91-a8a1-11c01849e498]
[13:45:32] [main/WARN]: Ambiguity between arguments [teleport, location] and [teleport, destination] with inputs: [0.1 -0.5 .9, 0 0 0]
[13:45:32] [main/WARN]: Ambiguity between arguments [teleport, location] and [teleport, targets] with inputs: [0.1 -0.5 .9, 0 0 0]
[13:45:32] [main/WARN]: Ambiguity between arguments [teleport, targets] and [teleport, destination] with inputs: [Player, 0123, dd12be42-52a9-4a91-a8a1-11c01849e498]
[13:45:32] [main/WARN]: Ambiguity between arguments [teleport, targets, location] and [teleport, targets, destination] with inputs: [0.1 -0.5 .9, 0 0 0]
[13:45:33] [Server thread/INFO]: Starting minecraft server version 20w18a
[13:45:33] [Server thread/WARN]: To start the server with more ram, launch it as "java -Xmx1024M -Xms1024M -jar minecraft_server.jar"
[13:45:33] [Server thread/INFO]: Loading properties
[13:45:33] [Server thread/INFO]: Default game type: SURVIVAL
[13:45:33] [Server thread/INFO]: Generating keypair
[13:45:33] [Server thread/INFO]: Starting Minecraft server on *:25565
[13:45:34] [Server thread/INFO]: Using epoll channel type
[13:45:34] [Server thread/WARN]: **** SERVER IS RUNNING IN OFFLINE/INSECURE MODE!
[13:45:34] [Server thread/WARN]: The server will make no attempt to authenticate usernames. Beware.
[13:45:34] [Server thread/WARN]: While this makes the game possible to play without internet access, it also opens up the ability for hackers to connect with any username they choose.
[13:45:34] [Server thread/WARN]: To change this, set "online-mode" to "true" in the server.properties file.
[13:45:34] [Server thread/INFO]: Preparing level "world"
[13:45:34] [Server thread/INFO]: Reloading ResourceManager: Default, Fabric Tool Attribute API (v1)
[13:45:36] [Server thread/INFO]: Loaded 6 recipes
[13:45:37] [Server thread/INFO]: Loaded 908 advancements
[13:45:42] [Server thread/INFO]: Preparing start region for dimension minecraft:overworld
[13:45:45] [Server thread/INFO]: Preparing spawn area: 0%
[13:45:45] [Server thread/INFO]: Preparing spawn area: 0%
[13:45:45] [Server thread/INFO]: Preparing spawn area: 0%
[13:45:45] [Server thread/INFO]: Preparing spawn area: 0%
[13:45:45] [Server thread/INFO]: Preparing spawn area: 0%
[13:45:45] [Server thread/INFO]: Preparing spawn area: 0%
[13:45:45] [Server thread/INFO]: Preparing spawn area: 0%
[13:45:46] [Server thread/INFO]: Preparing spawn area: 0%
[13:45:46] [Server thread/INFO]: Preparing spawn area: 0%
[13:46:36] [Worker-1/INFO]: Preparing spawn area: 0%
[13:46:36] [Worker-1/INFO]: Preparing spawn area: 0%
[13:46:36] [Worker-1/INFO]: Preparing spawn area: 0%
[13:46:36] [Worker-1/INFO]: Preparing spawn area: 0%
[13:46:36] [Worker-1/INFO]: Preparing spawn area: 0%
[13:46:36] [Worker-1/INFO]: Preparing spawn area: 0%
[13:46:36] [Worker-1/INFO]: Preparing spawn area: 0%
[13:46:36] [Worker-1/INFO]: Preparing spawn area: 0%
[13:46:36] [Worker-1/INFO]: Preparing spawn area: 0%
[13:46:36] [Worker-1/INFO]: Preparing spawn area: 0%
[13:46:36] [Worker-1/INFO]: Preparing spawn area: 0%
[13:46:36] [Worker-1/INFO]: Preparing spawn area: 0%
[13:46:36] [Worker-1/INFO]: Preparing spawn area: 0%
[13:46:36] [Worker-1/INFO]: Preparing spawn area: 0%
[13:46:36] [Worker-1/INFO]: Preparing spawn area: 0%
[13:46:36] [Worker-1/INFO]: Preparing spawn area: 0%
[13:46:36] [Worker-1/INFO]: Preparing spawn area: 0%
[13:46:36] [Worker-1/INFO]: Preparing spawn area: 0%
[13:46:36] [Worker-1/INFO]: Preparing spawn area: 0%
[13:46:36] [Worker-1/INFO]: Preparing spawn area: 0%
[13:46:36] [Worker-1/INFO]: Preparing spawn area: 0%
[13:46:36] [Worker-1/INFO]: Preparing spawn area: 0%
[13:46:36] [Worker-1/INFO]: Preparing spawn area: 0%
[13:46:36] [Worker-1/INFO]: Preparing spawn area: 0%
[13:46:36] [Worker-1/INFO]: Preparing spawn area: 0%
[13:46:36] [Worker-1/INFO]: Preparing spawn area: 0%
[13:46:36] [Worker-1/INFO]: Preparing spawn area: 0%
[13:46:36] [Worker-1/INFO]: Preparing spawn area: 0%
[13:46:36] [Worker-1/INFO]: Preparing spawn area: 0%
[13:46:36] [Worker-1/INFO]: Preparing spawn area: 0%
[13:46:36] [Worker-1/INFO]: Preparing spawn area: 0%
[13:46:36] [Worker-1/INFO]: Preparing spawn area: 0%
[13:46:36] [Worker-1/INFO]: Preparing spawn area: 0%
[13:46:36] [Worker-1/INFO]: Preparing spawn area: 0%
[13:46:36] [Worker-1/INFO]: Preparing spawn area: 0%
[13:46:36] [Worker-1/INFO]: Preparing spawn area: 0%
[13:46:36] [Worker-1/INFO]: Preparing spawn area: 0%
[13:46:36] [Worker-1/INFO]: Preparing spawn area: 0%
[13:46:36] [Worker-1/INFO]: Preparing spawn area: 0%
[13:46:36] [Worker-1/INFO]: Preparing spawn area: 0%
[13:46:36] [Worker-1/INFO]: Preparing spawn area: 0%
[13:46:36] [Worker-1/INFO]: Preparing spawn area: 0%
[13:46:36] [Worker-1/INFO]: Preparing spawn area: 0%
[13:46:36] [Worker-1/INFO]: Preparing spawn area: 0%
[13:46:36] [Worker-1/INFO]: Preparing spawn area: 0%
[13:46:36] [Worker-1/INFO]: Preparing spawn area: 0%
[13:46:36] [Worker-1/INFO]: Preparing spawn area: 0%
[13:46:36] [Worker-1/INFO]: Preparing spawn area: 0%
[13:46:36] [Worker-1/INFO]: Preparing spawn area: 0%
[13:46:36] [Worker-1/INFO]: Preparing spawn area: 0%
[13:46:36] [Worker-1/INFO]: Preparing spawn area: 0%
[13:46:36] [Worker-1/INFO]: Preparing spawn area: 0%
[13:46:36] [Worker-1/INFO]: Preparing spawn area: 0%
[13:46:36] [Worker-1/INFO]: Preparing spawn area: 0%
[13:46:36] [Worker-1/INFO]: Preparing spawn area: 0%
[13:46:36] [Worker-1/INFO]: Preparing spawn area: 0%
[13:46:36] [Worker-1/INFO]: Preparing spawn area: 0%
[13:46:36] [Worker-1/INFO]: Preparing spawn area: 0%
[13:46:36] [Worker-1/INFO]: Preparing spawn area: 0%
[13:46:36] [Worker-1/INFO]: Preparing spawn area: 0%
[13:46:36] [Worker-1/INFO]: Preparing spawn area: 0%
[13:46:36] [Worker-1/INFO]: Preparing spawn area: 0%
[13:46:36] [Worker-1/INFO]: Preparing spawn area: 0%
[13:46:36] [Worker-1/INFO]: Preparing spawn area: 0%
[13:46:36] [Worker-1/INFO]: Preparing spawn area: 0%
[13:46:36] [Worker-1/INFO]: Preparing spawn area: 0%
[13:46:36] [Worker-1/INFO]: Preparing spawn area: 0%
[13:46:36] [Worker-1/INFO]: Preparing spawn area: 0%
[13:46:36] [Worker-1/INFO]: Preparing spawn area: 0%
[13:46:36] [Worker-1/INFO]: Preparing spawn area: 0%
[13:46:36] [Worker-1/INFO]: Preparing spawn area: 0%
[13:46:36] [Worker-1/INFO]: Preparing spawn area: 0%
[13:46:36] [Worker-1/INFO]: Preparing spawn area: 0%
[13:46:36] [Worker-1/INFO]: Preparing spawn area: 0%
[13:46:36] [Worker-1/INFO]: Preparing spawn area: 0%
[13:46:36] [Worker-1/INFO]: Preparing spawn area: 0%
[13:46:36] [Worker-1/INFO]: Preparing spawn area: 0%
[13:46:36] [Worker-1/INFO]: Preparing spawn area: 0%
[13:46:36] [Worker-1/INFO]: Preparing spawn area: 0%
[13:46:36] [Worker-1/INFO]: Preparing spawn area: 0%
[13:46:36] [Worker-1/INFO]: Preparing spawn area: 0%
[13:46:36] [Worker-1/INFO]: Preparing spawn area: 0%
[13:46:36] [Worker-1/INFO]: Preparing spawn area: 0%
[13:46:36] [Worker-1/INFO]: Preparing spawn area: 0%
[13:46:36] [Worker-1/INFO]: Preparing spawn area: 0%
[13:46:36] [Worker-1/INFO]: Preparing spawn area: 0%
[13:46:36] [Worker-1/INFO]: Preparing spawn area: 0%
[13:46:36] [Worker-1/INFO]: Preparing spawn area: 0%
[13:46:36] [Worker-1/INFO]: Preparing spawn area: 0%
[13:46:36] [Worker-1/INFO]: Preparing spawn area: 0%
[13:46:36] [Worker-1/INFO]: Preparing spawn area: 0%
[13:46:36] [Worker-1/INFO]: Preparing spawn area: 0%
[13:46:36] [Worker-1/INFO]: Preparing spawn area: 0%
[13:46:36] [Worker-1/INFO]: Preparing spawn area: 0%
[13:46:36] [Worker-1/INFO]: Preparing spawn area: 0%
[13:46:36] [Worker-1/INFO]: Preparing spawn area: 0%
[13:46:36] [Worker-1/INFO]: Preparing spawn area: 0%
[13:46:36] [Worker-1/INFO]: Preparing spawn area: 0%
[13:46:36] [Worker-1/INFO]: Preparing spawn area: 0%
[13:46:36] [Server thread/INFO]: Preparing spawn area: 53%
[13:46:36] [Server thread/INFO]: Time elapsed: 54310 ms
[13:46:36] [Server thread/INFO]: Done (62.270s)! For help, type "help"
[13:46:55] [Server thread/INFO]: LanBingLB[/127.0.0.1:52017] logged in with entity id 146 at (-392.1789427421053, 69.0, -576.757554402676)
[13:46:55] [Server thread/INFO]: LanBingLB joined the game
[13:47:14] [Server thread/INFO]: GLEAVE[/127.0.0.1:52038] logged in with entity id 418 at (-0.8379598122372485, 69.67647087614428, 115.01546489182053)
[13:47:14] [Server thread/INFO]: GLEAVE joined the game
[13:47:23] [Server thread/INFO]: LanBingLB was blown up by Creeper
[13:47:47] [Server thread/INFO]: GLEAVE was shot by Skeleton
[13:47:59] [Server thread/INFO]: GLEAVE lost connection: Timed out
[13:47:59] [Server thread/INFO]: GLEAVE left the game
[13:49:57] [Server thread/INFO]: LanBingLB lost connection: Disconnected
[13:49:57] [Server thread/INFO]: LanBingLB left the game
[13:49:57] [Server thread/INFO]: /127.0.0.1:52186 lost connection: Disconnected
[14:00:33] [Server thread/INFO]: LanBingLB[/127.0.0.1:52847] logged in with entity id 1126 at (-99.96175456313969, 65.5, 175.01565278969113)
[14:00:33] [Server thread/INFO]: LanBingLB joined the game
[14:04:28] [Server thread/INFO]: LanBingLB lost connection: Disconnected
[14:04:28] [Server thread/INFO]: LanBingLB left the game
[14:04:30] [Server thread/INFO]: LanBingLB[/127.0.0.1:53117] logged in with entity id 1610 at (-83.01306693558264, 64.0, 175.5242735001435)
[14:04:30] [Server thread/INFO]: LanBingLB joined the game
[14:04:33] [Server thread/INFO]: LanBingLB lost connection: Disconnected
[14:04:33] [Server thread/INFO]: LanBingLB left the game
[14:04:39] [Server thread/INFO]: LanBingLB[/127.0.0.1:53128] logged in with entity id 1618 at (-83.01306693558264, 64.0, 175.5242735001435)
[14:04:39] [Server thread/INFO]: LanBingLB joined the game
[14:05:31] [Server thread/INFO]: LanBingLB has made the advancement [A Seedy Place]
[14:06:37] [Server thread/INFO]: LanBingLB lost connection: Disconnected
[14:06:37] [Server thread/INFO]: LanBingLB left the game
[14:22:01] [Server thread/INFO]: GLEAVE[/127.0.0.1:54204] logged in with entity id 1938 at (-59.502740236462486, 64.0, 143.51187787182084)
[14:22:01] [Server thread/INFO]: GLEAVE joined the game
[14:22:39] [Server thread/INFO]: GLEAVE has made the advancement [Monster Hunter]
[14:26:04] [Server thread/INFO]: GLEAVE has made the advancement [Sweet Dreams]
[14:28:22] [Server thread/FATAL]: Error executing task on Server
java.lang.NullPointerException: null
	at net.minecraft.class_2048.method_27802(class_2048.java:183) ~[intermediary-server.jar:?]
	at net.minecraft.class_2058.method_8939(class_2058.java:32) ~[intermediary-server.jar:?]
	at net.minecraft.class_1536.method_6957(class_1536.java:478) ~[intermediary-server.jar:?]
	at net.minecraft.class_1787.method_7836(class_1787.java:23) ~[intermediary-server.jar:?]
	at net.minecraft.class_1799.method_7913(class_1799.java:212) ~[intermediary-server.jar:?]
	at net.minecraft.class_3225.method_14256(class_3225.java:273) ~[intermediary-server.jar:?]
	at net.minecraft.class_3244.method_12065(class_3244.java:1000) ~[intermediary-server.jar:?]
	at net.minecraft.class_2886.method_12550(class_2886.java:31) ~[intermediary-server.jar:?]
	at net.minecraft.class_2886.method_11054(class_2886.java:9) ~[intermediary-server.jar:?]
	at net.minecraft.class_2600.method_11072(class_2600.java:21) ~[intermediary-server.jar:?]
	at net.minecraft.class_3738.run(class_3738.java:18) ~[intermediary-server.jar:?]
	at net.minecraft.class_1255.method_18859(class_1255.java:144) [intermediary-server.jar:?]
	at net.minecraft.class_4093.method_18859(class_4093.java:23) [intermediary-server.jar:?]
	at net.minecraft.server.MinecraftServer.method_24306(MinecraftServer.java:789) [intermediary-server.jar:?]
	at net.minecraft.server.MinecraftServer.method_18859(MinecraftServer.java:159) [intermediary-server.jar:?]
	at net.minecraft.class_1255.method_16075(class_1255.java:118) [intermediary-server.jar:?]
	at net.minecraft.server.MinecraftServer.method_20415(MinecraftServer.java:771) [intermediary-server.jar:?]
	at net.minecraft.server.MinecraftServer.method_16075(MinecraftServer.java:765) [intermediary-server.jar:?]
	at net.minecraft.class_1255.method_18857(class_1255.java:127) [intermediary-server.jar:?]
	at net.minecraft.server.MinecraftServer.method_16208(MinecraftServer.java:750) [intermediary-server.jar:?]
	at net.minecraft.server.MinecraftServer.run(MinecraftServer.java:702) [intermediary-server.jar:?]
	at java.lang.Thread.run(Thread.java:748) [?:1.8.0_242]
[14:28:38] [Server thread/FATAL]: Error executing task on Server
java.lang.NullPointerException: null
	at net.minecraft.class_2048.method_27802(class_2048.java:183) ~[intermediary-server.jar:?]
	at net.minecraft.class_2058.method_8939(class_2058.java:32) ~[intermediary-server.jar:?]
	at net.minecraft.class_1536.method_6957(class_1536.java:478) ~[intermediary-server.jar:?]
	at net.minecraft.class_1787.method_7836(class_1787.java:23) ~[intermediary-server.jar:?]
	at net.minecraft.class_1799.method_7913(class_1799.java:212) ~[intermediary-server.jar:?]
	at net.minecraft.class_3225.method_14256(class_3225.java:273) ~[intermediary-server.jar:?]
	at net.minecraft.class_3244.method_12065(class_3244.java:1000) ~[intermediary-server.jar:?]
	at net.minecraft.class_2886.method_12550(class_2886.java:31) ~[intermediary-server.jar:?]
	at net.minecraft.class_2886.method_11054(class_2886.java:9) ~[intermediary-server.jar:?]
	at net.minecraft.class_2600.method_11072(class_2600.java:21) ~[intermediary-server.jar:?]
	at net.minecraft.class_3738.run(class_3738.java:18) ~[intermediary-server.jar:?]
	at net.minecraft.class_1255.method_18859(class_1255.java:144) [intermediary-server.jar:?]
	at net.minecraft.class_4093.method_18859(class_4093.java:23) [intermediary-server.jar:?]
	at net.minecraft.server.MinecraftServer.method_24306(MinecraftServer.java:789) [intermediary-server.jar:?]
	at net.minecraft.server.MinecraftServer.method_18859(MinecraftServer.java:159) [intermediary-server.jar:?]
	at net.minecraft.class_1255.method_16075(class_1255.java:118) [intermediary-server.jar:?]
	at net.minecraft.server.MinecraftServer.method_20415(MinecraftServer.java:771) [intermediary-server.jar:?]
	at net.minecraft.server.MinecraftServer.method_16075(MinecraftServer.java:765) [intermediary-server.jar:?]
	at net.minecraft.class_1255.method_18857(class_1255.java:127) [intermediary-server.jar:?]
	at net.minecraft.server.MinecraftServer.method_16208(MinecraftServer.java:750) [intermediary-server.jar:?]
	at net.minecraft.server.MinecraftServer.run(MinecraftServer.java:702) [intermediary-server.jar:?]
	at java.lang.Thread.run(Thread.java:748) [?:1.8.0_242]
[14:28:44] [Server thread/FATAL]: Error executing task on Server
java.lang.NullPointerException: null
	at net.minecraft.class_2048.method_27802(class_2048.java:183) ~[intermediary-server.jar:?]
	at net.minecraft.class_2058.method_8939(class_2058.java:32) ~[intermediary-server.jar:?]
	at net.minecraft.class_1536.method_6957(class_1536.java:478) ~[intermediary-server.jar:?]
	at net.minecraft.class_1787.method_7836(class_1787.java:23) ~[intermediary-server.jar:?]
	at net.minecraft.class_1799.method_7913(class_1799.java:212) ~[intermediary-server.jar:?]
	at net.minecraft.class_3225.method_14256(class_3225.java:273) ~[intermediary-server.jar:?]
	at net.minecraft.class_3244.method_12065(class_3244.java:1000) ~[intermediary-server.jar:?]
	at net.minecraft.class_2886.method_12550(class_2886.java:31) ~[intermediary-server.jar:?]
	at net.minecraft.class_2886.method_11054(class_2886.java:9) ~[intermediary-server.jar:?]
	at net.minecraft.class_2600.method_11072(class_2600.java:21) ~[intermediary-server.jar:?]
	at net.minecraft.class_3738.run(class_3738.java:18) ~[intermediary-server.jar:?]
	at net.minecraft.class_1255.method_18859(class_1255.java:144) [intermediary-server.jar:?]
	at net.minecraft.class_4093.method_18859(class_4093.java:23) [intermediary-server.jar:?]
	at net.minecraft.server.MinecraftServer.method_24306(MinecraftServer.java:789) [intermediary-server.jar:?]
	at net.minecraft.server.MinecraftServer.method_18859(MinecraftServer.java:159) [intermediary-server.jar:?]
	at net.minecraft.class_1255.method_16075(class_1255.java:118) [intermediary-server.jar:?]
	at net.minecraft.server.MinecraftServer.method_20415(MinecraftServer.java:771) [intermediary-server.jar:?]
	at net.minecraft.server.MinecraftServer.method_16075(MinecraftServer.java:765) [intermediary-server.jar:?]
	at net.minecraft.class_1255.method_5383(class_1255.java:103) [intermediary-server.jar:?]
	at net.minecraft.server.MinecraftServer.method_16208(MinecraftServer.java:749) [intermediary-server.jar:?]
	at net.minecraft.server.MinecraftServer.run(MinecraftServer.java:702) [intermediary-server.jar:?]
	at java.lang.Thread.run(Thread.java:748) [?:1.8.0_242]
[14:28:44] [Server thread/FATAL]: Error executing task on Server
java.lang.NullPointerException: null
	at net.minecraft.class_2048.method_27802(class_2048.java:183) ~[intermediary-server.jar:?]
	at net.minecraft.class_2058.method_8939(class_2058.java:32) ~[intermediary-server.jar:?]
	at net.minecraft.class_1536.method_6957(class_1536.java:478) ~[intermediary-server.jar:?]
	at net.minecraft.class_1787.method_7836(class_1787.java:23) ~[intermediary-server.jar:?]
	at net.minecraft.class_1799.method_7913(class_1799.java:212) ~[intermediary-server.jar:?]
	at net.minecraft.class_3225.method_14256(class_3225.java:273) ~[intermediary-server.jar:?]
	at net.minecraft.class_3244.method_12065(class_3244.java:1000) ~[intermediary-server.jar:?]
	at net.minecraft.class_2886.method_12550(class_2886.java:31) ~[intermediary-server.jar:?]
	at net.minecraft.class_2886.method_11054(class_2886.java:9) ~[intermediary-server.jar:?]
	at net.minecraft.class_2600.method_11072(class_2600.java:21) ~[intermediary-server.jar:?]
	at net.minecraft.class_3738.run(class_3738.java:18) ~[intermediary-server.jar:?]
	at net.minecraft.class_1255.method_18859(class_1255.java:144) [intermediary-server.jar:?]
	at net.minecraft.class_4093.method_18859(class_4093.java:23) [intermediary-server.jar:?]
	at net.minecraft.server.MinecraftServer.method_24306(MinecraftServer.java:789) [intermediary-server.jar:?]
	at net.minecraft.server.MinecraftServer.method_18859(MinecraftServer.java:159) [intermediary-server.jar:?]
	at net.minecraft.class_1255.method_16075(class_1255.java:118) [intermediary-server.jar:?]
	at net.minecraft.server.MinecraftServer.method_20415(MinecraftServer.java:771) [intermediary-server.jar:?]
	at net.minecraft.server.MinecraftServer.method_16075(MinecraftServer.java:765) [intermediary-server.jar:?]
	at net.minecraft.class_1255.method_18857(class_1255.java:127) [intermediary-server.jar:?]
	at net.minecraft.server.MinecraftServer.method_16208(MinecraftServer.java:750) [intermediary-server.jar:?]
	at net.minecraft.server.MinecraftServer.run(MinecraftServer.java:702) [intermediary-server.jar:?]
	at java.lang.Thread.run(Thread.java:748) [?:1.8.0_242]
[14:28:45] [Server thread/FATAL]: Error executing task on Server
java.lang.NullPointerException: null
	at net.minecraft.class_2048.method_27802(class_2048.java:183) ~[intermediary-server.jar:?]
	at net.minecraft.class_2058.method_8939(class_2058.java:32) ~[intermediary-server.jar:?]
	at net.minecraft.class_1536.method_6957(class_1536.java:478) ~[intermediary-server.jar:?]
	at net.minecraft.class_1787.method_7836(class_1787.java:23) ~[intermediary-server.jar:?]
	at net.minecraft.class_1799.method_7913(class_1799.java:212) ~[intermediary-server.jar:?]
	at net.minecraft.class_3225.method_14256(class_3225.java:273) ~[intermediary-server.jar:?]
	at net.minecraft.class_3244.method_12065(class_3244.java:1000) ~[intermediary-server.jar:?]
	at net.minecraft.class_2886.method_12550(class_2886.java:31) ~[intermediary-server.jar:?]
	at net.minecraft.class_2886.method_11054(class_2886.java:9) ~[intermediary-server.jar:?]
	at net.minecraft.class_2600.method_11072(class_2600.java:21) ~[intermediary-server.jar:?]
	at net.minecraft.class_3738.run(class_3738.java:18) ~[intermediary-server.jar:?]
	at net.minecraft.class_1255.method_18859(class_1255.java:144) [intermediary-server.jar:?]
	at net.minecraft.class_4093.method_18859(class_4093.java:23) [intermediary-server.jar:?]
	at net.minecraft.server.MinecraftServer.method_24306(MinecraftServer.java:789) [intermediary-server.jar:?]
	at net.minecraft.server.MinecraftServer.method_18859(MinecraftServer.java:159) [intermediary-server.jar:?]
	at net.minecraft.class_1255.method_16075(class_1255.java:118) [intermediary-server.jar:?]
	at net.minecraft.server.MinecraftServer.method_20415(MinecraftServer.java:771) [intermediary-server.jar:?]
	at net.minecraft.server.MinecraftServer.method_16075(MinecraftServer.java:765) [intermediary-server.jar:?]
	at net.minecraft.class_1255.method_5383(class_1255.java:103) [intermediary-server.jar:?]
	at net.minecraft.server.MinecraftServer.method_16208(MinecraftServer.java:749) [intermediary-server.jar:?]
	at net.minecraft.server.MinecraftServer.run(MinecraftServer.java:702) [intermediary-server.jar:?]
	at java.lang.Thread.run(Thread.java:748) [?:1.8.0_242]
[14:28:45] [Server thread/FATAL]: Error executing task on Server
java.lang.NullPointerException: null
	at net.minecraft.class_2048.method_27802(class_2048.java:183) ~[intermediary-server.jar:?]
	at net.minecraft.class_2058.method_8939(class_2058.java:32) ~[intermediary-server.jar:?]
	at net.minecraft.class_1536.method_6957(class_1536.java:478) ~[intermediary-server.jar:?]
	at net.minecraft.class_1787.method_7836(class_1787.java:23) ~[intermediary-server.jar:?]
	at net.minecraft.class_1799.method_7913(class_1799.java:212) ~[intermediary-server.jar:?]
	at net.minecraft.class_3225.method_14256(class_3225.java:273) ~[intermediary-server.jar:?]
	at net.minecraft.class_3244.method_12065(class_3244.java:1000) ~[intermediary-server.jar:?]
	at net.minecraft.class_2886.method_12550(class_2886.java:31) ~[intermediary-server.jar:?]
	at net.minecraft.class_2886.method_11054(class_2886.java:9) ~[intermediary-server.jar:?]
	at net.minecraft.class_2600.method_11072(class_2600.java:21) ~[intermediary-server.jar:?]
	at net.minecraft.class_3738.run(class_3738.java:18) ~[intermediary-server.jar:?]
	at net.minecraft.class_1255.method_18859(class_1255.java:144) [intermediary-server.jar:?]
	at net.minecraft.class_4093.method_18859(class_4093.java:23) [intermediary-server.jar:?]
	at net.minecraft.server.MinecraftServer.method_24306(MinecraftServer.java:789) [intermediary-server.jar:?]
	at net.minecraft.server.MinecraftServer.method_18859(MinecraftServer.java:159) [intermediary-server.jar:?]
	at net.minecraft.class_1255.method_16075(class_1255.java:118) [intermediary-server.jar:?]
	at net.minecraft.server.MinecraftServer.method_20415(MinecraftServer.java:771) [intermediary-server.jar:?]
	at net.minecraft.server.MinecraftServer.method_16075(MinecraftServer.java:765) [intermediary-server.jar:?]
	at net.minecraft.class_1255.method_18857(class_1255.java:127) [intermediary-server.jar:?]
	at net.minecraft.server.MinecraftServer.method_16208(MinecraftServer.java:750) [intermediary-server.jar:?]
	at net.minecraft.server.MinecraftServer.run(MinecraftServer.java:702) [intermediary-server.jar:?]
	at java.lang.Thread.run(Thread.java:748) [?:1.8.0_242]
[14:29:07] [Server thread/FATAL]: Error executing task on Server
java.lang.NullPointerException: null
	at net.minecraft.class_2048.method_27802(class_2048.java:183) ~[intermediary-server.jar:?]
	at net.minecraft.class_2058.method_8939(class_2058.java:32) ~[intermediary-server.jar:?]
	at net.minecraft.class_1536.method_6957(class_1536.java:478) ~[intermediary-server.jar:?]
	at net.minecraft.class_1787.method_7836(class_1787.java:23) ~[intermediary-server.jar:?]
	at net.minecraft.class_1799.method_7913(class_1799.java:212) ~[intermediary-server.jar:?]
	at net.minecraft.class_3225.method_14256(class_3225.java:273) ~[intermediary-server.jar:?]
	at net.minecraft.class_3244.method_12065(class_3244.java:1000) ~[intermediary-server.jar:?]
	at net.minecraft.class_2886.method_12550(class_2886.java:31) ~[intermediary-server.jar:?]
	at net.minecraft.class_2886.method_11054(class_2886.java:9) ~[intermediary-server.jar:?]
	at net.minecraft.class_2600.method_11072(class_2600.java:21) ~[intermediary-server.jar:?]
	at net.minecraft.class_3738.run(class_3738.java:18) ~[intermediary-server.jar:?]
	at net.minecraft.class_1255.method_18859(class_1255.java:144) [intermediary-server.jar:?]
	at net.minecraft.class_4093.method_18859(class_4093.java:23) [intermediary-server.jar:?]
	at net.minecraft.server.MinecraftServer.method_24306(MinecraftServer.java:789) [intermediary-server.jar:?]
	at net.minecraft.server.MinecraftServer.method_18859(MinecraftServer.java:159) [intermediary-server.jar:?]
	at net.minecraft.class_1255.method_16075(class_1255.java:118) [intermediary-server.jar:?]
	at net.minecraft.server.MinecraftServer.method_20415(MinecraftServer.java:771) [intermediary-server.jar:?]
	at net.minecraft.server.MinecraftServer.method_16075(MinecraftServer.java:765) [intermediary-server.jar:?]
	at net.minecraft.class_1255.method_5383(class_1255.java:103) [intermediary-server.jar:?]
	at net.minecraft.server.MinecraftServer.method_16208(MinecraftServer.java:749) [intermediary-server.jar:?]
	at net.minecraft.server.MinecraftServer.run(MinecraftServer.java:702) [intermediary-server.jar:?]
	at java.lang.Thread.run(Thread.java:748) [?:1.8.0_242]
[14:29:08] [Server thread/FATAL]: Error executing task on Server
java.lang.NullPointerException: null
	at net.minecraft.class_2048.method_27802(class_2048.java:183) ~[intermediary-server.jar:?]
	at net.minecraft.class_2058.method_8939(class_2058.java:32) ~[intermediary-server.jar:?]
	at net.minecraft.class_1536.method_6957(class_1536.java:478) ~[intermediary-server.jar:?]
	at net.minecraft.class_1787.method_7836(class_1787.java:23) ~[intermediary-server.jar:?]
	at net.minecraft.class_1799.method_7913(class_1799.java:212) ~[intermediary-server.jar:?]
	at net.minecraft.class_3225.method_14256(class_3225.java:273) ~[intermediary-server.jar:?]
	at net.minecraft.class_3244.method_12065(class_3244.java:1000) ~[intermediary-server.jar:?]
	at net.minecraft.class_2886.method_12550(class_2886.java:31) ~[intermediary-server.jar:?]
	at net.minecraft.class_2886.method_11054(class_2886.java:9) ~[intermediary-server.jar:?]
	at net.minecraft.class_2600.method_11072(class_2600.java:21) ~[intermediary-server.jar:?]
	at net.minecraft.class_3738.run(class_3738.java:18) ~[intermediary-server.jar:?]
	at net.minecraft.class_1255.method_18859(class_1255.java:144) [intermediary-server.jar:?]
	at net.minecraft.class_4093.method_18859(class_4093.java:23) [intermediary-server.jar:?]
	at net.minecraft.server.MinecraftServer.method_24306(MinecraftServer.java:789) [intermediary-server.jar:?]
	at net.minecraft.server.MinecraftServer.method_18859(MinecraftServer.java:159) [intermediary-server.jar:?]
	at net.minecraft.class_1255.method_16075(class_1255.java:118) [intermediary-server.jar:?]
	at net.minecraft.server.MinecraftServer.method_20415(MinecraftServer.java:771) [intermediary-server.jar:?]
	at net.minecraft.server.MinecraftServer.method_16075(MinecraftServer.java:765) [intermediary-server.jar:?]
	at net.minecraft.class_1255.method_5383(class_1255.java:103) [intermediary-server.jar:?]
	at net.minecraft.server.MinecraftServer.method_16208(MinecraftServer.java:749) [intermediary-server.jar:?]
	at net.minecraft.server.MinecraftServer.run(MinecraftServer.java:702) [intermediary-server.jar:?]
	at java.lang.Thread.run(Thread.java:748) [?:1.8.0_242]
[14:40:13] [Server thread/INFO]: GLEAVE has made the advancement [Not Today, Thank You]
[14:43:25] [Server thread/INFO]: GLEAVE has made the advancement [Diamonds!]
[15:02:51] [Server thread/INFO]: There are 1 of a max of 5 players online: GLEAVE
[15:16:04] [Server thread/INFO]: [Server] Are you there?
[15:16:16] [Server thread/INFO]: <GLEAVE> I forget the way to home
[15:16:39] [Server thread/INFO]: <GLEAVE> It is thunder
[15:16:53] [Server thread/INFO]: Unknown or incomplete command, see below for error
[15:16:53] [Server thread/INFO]: <--[HERE]
[15:17:03] [Server thread/INFO]: [Server] /kill you?
[15:17:13] [Server thread/INFO]: <GLEAVE> nope
[15:17:21] [Server thread/INFO]: [Server] okk
[15:17:41] [Server thread/INFO]: <GLEAVE> I have got six diamonds
[15:18:35] [Server thread/INFO]: [Server] nice
[15:18:45] [Server thread/INFO]: [Server] after you exit
[15:18:54] [Server thread/INFO]: [Server] I will backup save
[15:19:12] [Server thread/INFO]: [Server] And I will take it from Cloudstudio
[15:20:11] [Server thread/INFO]: GLEAVE lost connection: Disconnected
[15:20:11] [Server thread/INFO]: GLEAVE left the game
[15:20:52] [Server thread/INFO]: GLEAVE[/127.0.0.1:58170] logged in with entity id 10218 at (444.50372567274786, 11.0, 69.13792528751458)
[15:20:52] [Server thread/INFO]: GLEAVE joined the game
[15:22:54] [Server thread/INFO]: GLEAVE lost connection: Disconnected
[15:22:54] [Server thread/INFO]: GLEAVE left the game
[15:22:55] [Server thread/INFO]: GLEAVE[/127.0.0.1:58294] logged in with entity id 10587 at (415.7924607742556, 13.0, 95.04719000474326)
[15:22:55] [Server thread/INFO]: GLEAVE joined the game
[15:23:00] [Server thread/INFO]: Incorrect argument for command
[15:23:00] [Server thread/INFO]: /say <--[HERE]
[15:23:05] [Server thread/INFO]: Unknown or incomplete command, see below for error
[15:23:05] [Server thread/INFO]: [A?????????????????[B<--[HERE]
[15:23:11] [Server thread/INFO]: GLEAVE tried to swim in lava
[15:23:12] [Server thread/INFO]: [Server] ????????????
[15:24:06] [Server thread/INFO]: GLEAVE lost connection: Disconnected
[15:24:06] [Server thread/INFO]: GLEAVE left the game
[15:25:02] [Server thread/INFO]: GLEAVE[/127.0.0.1:58418] logged in with entity id 11032 at (-95.68619802384484, 62.0, 175.68669936486077)
[15:25:02] [Server thread/INFO]: GLEAVE joined the game
[15:25:30] [Server thread/INFO]: [Server] ARE YOU OK?[3~
[15:29:06] [Server thread/INFO]: <GLEAVE> I want ten diamonds today
[15:29:16] [Server thread/INFO]: <GLEAVE> But I only gei five diamonds
[15:29:35] [Server thread/INFO]: <GLEAVE> gei get
[15:30:52] [Server thread/INFO]: [Server] emm
[15:31:05] [Server thread/INFO]: <GLEAVE> I want experiences!
[15:31:38] [Server thread/INFO]: <GLEAVE> The dream is very nice, but the life is so impossible!
[15:32:24] [Server thread/INFO]: <GLEAVE> We have many golds
[15:33:14] [Server thread/INFO]: LanBingLB[/127.0.0.1:58874] logged in with entity id 12217 at (-68.92048419319232, 64.0, 141.32311309165902)
[15:33:14] [Server thread/INFO]: LanBingLB joined the game
[15:35:10] [Server thread/INFO]: GLEAVE lost connection: Disconnected
[15:35:10] [Server thread/INFO]: GLEAVE left the game
[15:35:10] [Server thread/INFO]: LanBingLB lost connection: Disconnected
[15:35:10] [Server thread/INFO]: LanBingLB left the game
[15:35:16] [Server thread/INFO]: LanBingLB[/127.0.0.1:58984] logged in with entity id 12542 at (-100.50716258941023, 66.5625, 177.69999998807907)
[15:35:16] [Server thread/INFO]: LanBingLB joined the game
[15:37:57] [Server thread/INFO]: GLEAVE[/127.0.0.1:59148] logged in with entity id 12948 at (-100.75926383122811, 66.5625, 176.8164163820456)
[15:37:57] [Server thread/INFO]: GLEAVE joined the game
[15:38:44] [Server thread/INFO]: LanBingLB was blown up by Creeper
[15:38:50] [Server thread/INFO]: <LanBingLB> GLEAVE
[15:38:59] [Server thread/INFO]: <GLEAVE> å¦ä¸€ä¸ªé“ç §å‘¢
[15:39:03] [Server thread/INFO]: <GLEAVE> ç¡è§‰å§
[15:39:11] [Server thread/INFO]: <LanBingLB> ä½ çš„ç”°ç‚¸äº†
[15:39:19] [Server thread/INFO]: <LanBingLB> é“è¯æŠ¥åºŸ
[15:39:26] [Server thread/INFO]: <GLEAVE> nothing
[15:40:07] [Server thread/INFO]: <LanBingLB> å»¶è¿Ÿå¤ªé«˜awa
[15:40:19] [Server thread/INFO]: <LanBingLB> æˆéƒ½ä½ è¿ä¸ä¸Š
[15:40:37] [Server thread/INFO]: <LanBingLB> æ”¹å¤©æ‰¾æ›´å¥½çš„èŠ‚ç‚¹
[15:41:18] [Server thread/WARN]: Keeping entity minecraft:strider that already exists with UUID fe32e75e-a917-47ae-8ffe-6cf0f5f3ab4f
[15:41:19] [Server thread/WARN]: Keeping entity minecraft:hoglin that already exists with UUID 8de2f198-f480-46f0-a5ce-1cbe770d699c
[15:42:37] [Server thread/INFO]: LanBingLB lost connection: Disconnected
[15:42:37] [Server thread/INFO]: LanBingLB left the game
[15:42:37] [Server thread/INFO]: GLEAVE lost connection: Disconnected
[15:42:37] [Server thread/INFO]: GLEAVE left the game
[15:42:54] [Server thread/INFO]: LanBingLB[/127.0.0.1:59492] logged in with entity id 13813 at (-85.85351802686644, 56.00133597911215, -176.69999998807907)
[15:42:54] [Server thread/INFO]: LanBingLB joined the game
[15:42:58] [Server thread/INFO]: LanBingLB was slain by Piglin
[15:45:18] [Server thread/INFO]: [Server] æˆ‘æ‰¾åˆ°æœ±ç²äº†ã€ã€
[15:45:44] [Server thread/INFO]: LanBingLB was shot by Piglin
[15:45:56] [Server thread/INFO]: GLEAVE[/127.0.0.1:59679] logged in with entity id 14423 at (1.1954754002513346, 70.0, 92.52518134630282)
[15:45:56] [Server thread/INFO]: GLEAVE joined the game
[15:46:11] [Server thread/WARN]: Mismatch in destroy block pos: class_2338{x=0, y=0, z=0} class_2338{x=-20, y=65, z=69}
[15:46:12] [Server thread/WARN]: Mismatch in destroy block pos: class_2338{x=0, y=0, z=0} class_2338{x=-20, y=66, z=69}
[15:46:13] [Server thread/WARN]: Mismatch in destroy block pos: class_2338{x=0, y=0, z=0} class_2338{x=-20, y=64, z=69}
[15:46:20] [Server thread/WARN]: Mismatch in destroy block pos: class_2338{x=0, y=0, z=0} class_2338{x=-20, y=65, z=69}
[15:46:20] [Server thread/WARN]: Mismatch in destroy block pos: class_2338{x=0, y=0, z=0} class_2338{x=-20, y=66, z=69}
[15:46:20] [Server thread/WARN]: Mismatch in destroy block pos: class_2338{x=0, y=0, z=0} class_2338{x=-20, y=65, z=69}
[15:46:30] [Server thread/INFO]: <GLEAVE> æˆ‘tm
[15:46:39] [Server thread/INFO]: <GLEAVE> ç ´åä¸äº†æ–¹å—
[15:46:39] [Server thread/WARN]: Can't keep up! Is the server overloaded? Running 2376ms or 47 ticks behind
[15:46:46] [Server thread/WARN]: Mismatch in destroy block pos: class_2338{x=0, y=0, z=0} class_2338{x=-20, y=66, z=69}
[15:46:49] [Server thread/WARN]: Mismatch in destroy block pos: class_2338{x=0, y=0, z=0} class_2338{x=-19, y=66, z=72}
[15:46:51] [Server thread/WARN]: Mismatch in destroy block pos: class_2338{x=0, y=0, z=0} class_2338{x=-20, y=65, z=69}
[15:46:51] [Server thread/WARN]: Mismatch in destroy block pos: class_2338{x=0, y=0, z=0} class_2338{x=-20, y=66, z=69}
[15:46:52] [Server thread/WARN]: Mismatch in destroy block pos: class_2338{x=0, y=0, z=0} class_2338{x=-20, y=65, z=69}
[15:48:53] [Server thread/INFO]: Unknown or incomplete command, see below for error
[15:48:53] [Server thread/INFO]: <--[HERE]
[15:48:57] [Server thread/INFO]: [Server] haha
[15:49:00] [Server thread/INFO]: There are 2 of a max of 5 players online: LanBingLB, GLEAVE
[15:49:18] [Server thread/INFO]: [Server] æœåŠ¡å™¨æ˜¾ç¤ºä¸¢å¤±æ–¹å—
[15:49:27] [Server thread/INFO]: [Server] ç„¶åå…¨ä¿®å¤äº†
[15:49:34] [Server thread/INFO]: [Server] :D
[15:49:40] [Server thread/INFO]: [Server] Are you here
[15:49:47] [Server thread/INFO]: <GLEAVE> å¥½ æœ åŠ¡ å™¨
[15:49:57] [Server thread/WARN]: GLEAVE moved wrongly!
[15:50:21] [Server thread/WARN]: Mismatch in destroy block pos: class_2338{x=-34, y=67, z=72} class_2338{x=-28, y=66, z=65}
[15:50:21] [Server thread/WARN]: Mismatch in destroy block pos: class_2338{x=-34, y=67, z=72} class_2338{x=-28, y=65, z=65}
[15:50:21] [Server thread/WARN]: Mismatch in destroy block pos: class_2338{x=-34, y=67, z=72} class_2338{x=-28, y=66, z=65}
[15:50:21] [Server thread/WARN]: Mismatch in destroy block pos: class_2338{x=-34, y=67, z=72} class_2338{x=-28, y=65, z=65}
[15:50:21] [Server thread/WARN]: Mismatch in destroy block pos: class_2338{x=-34, y=67, z=72} class_2338{x=-28, y=66, z=65}
[15:50:22] [Server thread/WARN]: Mismatch in destroy block pos: class_2338{x=-34, y=67, z=72} class_2338{x=-28, y=65, z=65}
[15:50:27] [Server thread/INFO]: <GLEAVE> åˆå¼€å§‹äº†
[15:50:28] [Server thread/INFO]: <LanBingLB> æœåŠ¡å™¨åˆè¯´
[15:50:42] [Server thread/INFO]: <LanBingLB> GLEAVEç§»åŠ¨é”™è¯¯ï¼
[15:50:57] [Server thread/INFO]: <LanBingLB> ç„¶åä¿®å¤äº†ï¼Œä¸è®¸ä½ ç§»åŠ¨
[15:51:00] [Server thread/WARN]: GLEAVE moved too quickly! -6.5136445259648,-1.0554624345250403,7.563466969500922
[15:51:15] [Server thread/INFO]: <LanBingLB> æœåŠ¡å™¨åˆè¯´
[15:51:26] [Server thread/INFO]: <LanBingLB> GLEAVE ç§»åŠ¨å¤ªå¿«
[15:51:39] [Server thread/INFO]: <GLEAVE> æ¥ç¡è§‰å§
[15:51:54] [Server thread/INFO]: LanBingLB lost connection: Disconnected
[15:51:54] [Server thread/INFO]: LanBingLB left the game
[15:51:59] [Server thread/INFO]: LanBingLB[/127.0.0.1:60004] logged in with entity id 15355 at (-78.99166762985458, 63.0, 140.81598007134014)
[15:51:59] [Server thread/INFO]: LanBingLB joined the game
[15:54:16] [Server thread/WARN]: LanBingLB moved wrongly!
[15:54:57] [Server thread/INFO]: [Server] You are moved quickly!!!!!!!!Stop now
[15:55:07] [Server thread/INFO]: <LanBingLB> Shut up,server
[15:55:14] [Server thread/INFO]: [Server] OK
[15:55:21] [Server thread/INFO]: <GLEAVE> æˆ‘çš„ä¸€ç»„ç«æŠŠæ¶ˆå¤±äº†
[15:56:28] [Server thread/WARN]: Mismatch in destroy block pos: class_2338{x=-66, y=77, z=63} class_2338{x=-28, y=66, z=65}
[16:00:08] [Server thread/INFO]: LanBingLB fell from a high place
[16:00:16] [Server thread/INFO]: GLEAVE has made the advancement [A Seedy Place]
[16:04:27] [Server thread/WARN]: Mismatch in destroy block pos: class_2338{x=-75, y=64, z=181} class_2338{x=-75, y=63, z=180}
[16:04:43] [Server thread/INFO]: <LanBingLB> æˆ‘å»äº¤æ˜“
[16:04:54] [Server thread/INFO]: <GLEAVE> ä¸€ç»„å¤šçš„é‡‘é”­
[16:05:46] [Server thread/INFO]: LanBingLB lost connection: Timed out
[16:05:46] [Server thread/INFO]: LanBingLB left the game
[16:06:03] [Server thread/INFO]: LanBingLB[/127.0.0.1:60750] logged in with entity id 18109 at (-53.264997387523046, 76.10652379758702, -99.64661465041458)
[16:06:03] [Server thread/INFO]: LanBingLB joined the game
[16:06:13] [Server thread/INFO]: GLEAVE lost connection: Disconnected
[16:06:13] [Server thread/INFO]: GLEAVE left the game
[16:06:13] [Server thread/INFO]: LanBingLB lost connection: Disconnected
[16:06:13] [Server thread/INFO]: LanBingLB left the game
[16:06:43] [Server thread/INFO]: LanBingLB[/127.0.0.1:60795] logged in with entity id 18241 at (-53.264997387523046, 76.10652379758702, -99.64661465041458)
[16:06:43] [Server thread/INFO]: LanBingLB joined the game
[16:07:45] [Server thread/INFO]: <LanBingLB> æœ±ç²ç»™äº†æˆ‘æ‰›æ´»
[16:07:54] [Server thread/INFO]: <LanBingLB> !!!!!!!!!!!!!!!!!!!!!!!!!!!!!!!!!!!!!!!!!!!!!!!!!!!!!!!!!!!!!!!!!!!!!!!!!!!!!!!!!!!!!!!!!!!!!!!!!!!!!!!!!!!!!!!!!!!!!
[16:08:08] [Server thread/INFO]: <LanBingLB> ä¸¤ä¸ªå“­æ³£çŸ³ï¼ï¼ï¼ï¼ï¼ï¼ï¼ï¼ï¼ï¼ï¼ï¼ï¼ï¼ï¼ï¼ï¼ï¼ï¼ï¼ï¼ï¼ï¼ï¼ï¼ï¼ï¼ï¼ï¼ï¼ï¼ï¼ï¼ï¼ï¼ï¼ï¼ï¼ï¼ï¼ï¼ï¼ï¼ï¼ï¼ï¼ï¼ï¼ï¼ï¼ï¼ï¼ï¼ï¼ï¼ï¼ï¼ï¼ï¼ï¼ï¼ï¼ï¼ï¼ï¼ï¼ï¼ï¼ï¼ï¼ï¼ï¼ï¼ï¼ï¼ï¼ï¼ï¼ï¼ï¼ï¼ï¼ï¼ï¼ï¼ï¼ï¼ï¼ï¼ï¼ï¼ï¼ï¼ï¼ï¼ï¼ï¼ï¼ï¼ï¼ï¼ï¼ï¼ï¼ï¼ï¼ï¼
[16:08:50] [Server thread/INFO]: LanBingLB was burnt to a crisp whilst fighting Hoglin
[16:10:25] [Server thread/INFO]: LanBingLB lost connection: Disconnected
[16:10:25] [Server thread/INFO]: LanBingLB left the game
[16:10:53] [Server thread/INFO]: GLEAVE[/127.0.0.1:32807] logged in with entity id 18706 at (-100.69999998807907, 63.0, 175.7563179815227)
[16:10:53] [Server thread/INFO]: GLEAVE joined the game
[16:11:29] [Server thread/INFO]: LanBingLB[/127.0.0.1:32843] logged in with entity id 18761 at (-84.13833360175465, 65.0, 173.29166221816888)
[16:11:29] [Server thread/INFO]: LanBingLB joined the game
[16:12:03] [Server thread/INFO]: <GLEAVE> é‡ç”Ÿé”šèµ°èµ·ï¼
[16:12:38] [Server thread/INFO]: <GLEAVE> æˆ‘æŒ–äº†å‡ ç»„é’é‡‘çŸ³
[16:13:14] [Server thread/INFO]: GLEAVE has made the advancement [Enchanter]
[16:13:32] [Server thread/INFO]: GLEAVE lost connection: Disconnected
[16:13:32] [Server thread/INFO]: GLEAVE left the game
[16:13:32] [Server thread/INFO]: LanBingLB lost connection: Disconnected
[16:13:32] [Server thread/INFO]: LanBingLB left the game
[16:13:38] [Server thread/INFO]: LanBingLB[/127.0.0.1:32958] logged in with entity id 19037 at (-86.09366141747732, 66.0, 183.52873532303377)
[16:13:38] [Server thread/INFO]: LanBingLB joined the game
[16:16:08] [Server thread/INFO]: LanBingLB lost connection: Disconnected
[16:16:08] [Server thread/INFO]: LanBingLB left the game
[16:16:08] [Server thread/INFO]: /127.0.0.1:33148 lost connection: Disconnected
[16:18:04] [Server thread/INFO]: LanBingLB[/127.0.0.1:33281] logged in with entity id 19276 at (-82.17649904134217, 62.0, 139.30000001192093)
[16:18:04] [Server thread/INFO]: LanBingLB joined the game
[16:19:50] [Server thread/INFO]: GLEAVE[/127.0.0.1:33376] logged in with entity id 19529 at (-97.70278316808319, 62.0, 176.00344879080862)
[16:19:50] [Server thread/INFO]: GLEAVE joined the game
[16:20:10] [Server thread/INFO]: <GLEAVE> nice
[16:20:39] [Server thread/INFO]: <GLEAVE> ä½ æœ‰é‡ç”Ÿé”šå—ï¼Ÿ
[16:20:54] [Server thread/INFO]: <GLEAVE> è¿˜æœ‰é‡‘é”­å—ï¼Ÿ
[16:20:58] [Server thread/INFO]: <GLEAVE> åšé‡‘è‹¹æœ
[16:21:07] [Server thread/INFO]: <GLEAVE> è™½ç„¶åªæœ‰ä¸€ä¸ªè‹¹æœ
[16:22:35] [Server thread/INFO]: <LanBingLB> ä½ å»¶è¿Ÿæ€ä¹ˆæ ·
[16:22:43] [Server thread/INFO]: <GLEAVE> å¾ˆå¥½
[16:22:47] [Server thread/INFO]: <LanBingLB> æˆ‘çœ‹åˆ°ä½ æ˜¯æ»¡æ ¼
[16:22:58] [Server thread/INFO]: <GLEAVE> è¿™ä¸ªç‰ˆæœ¬æœ‰ä¸¤ä¸ªç‰¹æ€§
[16:23:13] [Server thread/INFO]: <GLEAVE> é’“ä¸äº†é±¼ï¼Œç‹—ä¸èƒ½ç«™èµ·æ¥
[16:23:39] [Server thread/INFO]: <LanBingLB> è¿™ä¸ç«™èµ·æ¥äº†
[16:24:03] [Server thread/INFO]: <GLEAVE> æˆ‘çš„ç‹—éƒ½ç«™ä¸èµ·æ¥äº†
[16:24:36] [Server thread/INFO]: LanBingLB hit the ground too hard
[16:25:35] [Server thread/INFO]: GLEAVE has made the advancement [Take Aim]
[16:25:58] [Server thread/INFO]: LanBingLB was slain by Zombified Piglin
[16:26:11] [Server thread/INFO]: <LanBingLB> æˆ‘tmæ‰¾ä½ æƒ¹ä½ å•¦
[16:27:42] [Server thread/INFO]: LanBingLB was slain by Hoglin
[16:27:48] [Server thread/INFO]: <LanBingLB> FUCK
[16:27:56] [Server thread/INFO]: <LanBingLB> FUCKFUCKFUCKFUCKFUCKFUCKFUCKFUCKFUCKFUCKFUCKFUCKFUCKFUCKFUCKFUCKFUCKFUCKFUCKFUCKFUCKFUCKFUCKFUCKFUCKFUCKFUCKFUCKFUCKFUCKFUCKFUCKFUCKFUCKFUCKFUCKFUCKFUCKFUCKFUCKFUCKFUCKFUCKFUCKFUCKFUCKFUCKFUCKFUCKFUCKFUCKFUCKFUCKFUCKFUCKFUCKFUCKFUCKFUCKFUCKFUCKFUCKFUCKFUCK
[16:28:38] [Server thread/INFO]: <LanBingLB> GLEAVEä½ æ€ä¹ˆä¸è¯´è¯
[16:29:38] [Server thread/INFO]: <GLEAVE> æŠ¥å‘Šè…ç«¹ï¼Œæˆ‘ä¸¾æŠ¥LanbingLBæœ‰åšç¦äººä¹¦çš„å€¾å‘ï¼ï¼ˆç‹—å¤´ä¿å‘½ï¼‰
[16:30:03] [Server thread/INFO]: [Server] Ok,kicking LanBingLB Player!
[16:30:10] [Server thread/INFO]: Kicked LanBingLB: Kicked by an operator
[16:30:10] [Server thread/INFO]: LanBingLB lost connection: Kicked by an operator
[16:30:10] [Server thread/INFO]: LanBingLB left the game
[16:30:22] [Server thread/INFO]: LanBingLB[/127.0.0.1:33938] logged in with entity id 21587 at (-42.964584857176874, 73.875, -74.09570194740135)
[16:30:22] [Server thread/INFO]: LanBingLB joined the game
[16:30:29] [Server thread/INFO]: <LanBingLB> æˆ‘TM
[16:31:20] [Server thread/INFO]: LanBingLB hit the ground too hard
[16:31:41] [Server thread/WARN]: Can't keep up! Is the server overloaded? Running 2826ms or 56 ticks behind
[16:32:17] [Server thread/INFO]: <GLEAVE> çŒªäººå£°éŸ³å¥½æ²™é›•
[16:33:05] [Server thread/INFO]: LanBingLB was slain by Hoglin
[16:33:15] [Server thread/INFO]: <LanBingLB> FUCKFUCKFUCKFUCKFUCKFUCKFUCKFUCKFUCKFUCKFUCKFUCKFUCKFUCKFUCKFUCKFUCKFUCKFUCKFUCKFUCKFUCKFUCKFUCKFUCKFUCKFUCKFUCKFUCKFUCKFUCKFUCKFUCKFUCKFUCKFUCKFUCKFUCKFUCKFUCKFUCKFUCKFUCKFUCKFUCKFUCKFUCKFUCKFUCKFUCKFUCKFUCKFUCKFUCKFUCKFUCKFUCKFUCKFUCKFUCKFUCKFUCKFUCKFUCK
[16:34:13] [Server thread/INFO]: <GLEAVE> ohhhhhhhhhhhåœ°ç‹±åŸå ¡
[16:36:35] [Server thread/WARN]: Can't keep up! Is the server overloaded? Running 2220ms or 44 ticks behind
[16:37:00] [Server thread/WARN]: GLEAVE moved too quickly! 2.327830530272017,-10.308097046462208,0.41149153527194215
[16:37:16] [Server thread/WARN]: Can't keep up! Is the server overloaded? Running 25902ms or 518 ticks behind
[16:37:34] [Server thread/WARN]: Can't keep up! Is the server overloaded? Running 2506ms or 50 ticks behind
[16:37:51] [Server thread/WARN]: Can't keep up! Is the server overloaded? Running 2300ms or 46 ticks behind
[16:38:08] [Server thread/WARN]: Can't keep up! Is the server overloaded? Running 2227ms or 44 ticks behind
[16:38:08] [Server thread/INFO]: GLEAVE was fireballed by Blaze
[16:38:28] [Server thread/WARN]: Can't keep up! Is the server overloaded? Running 4894ms or 97 ticks behind
[16:38:46] [Server thread/WARN]: Can't keep up! Is the server overloaded? Running 2659ms or 53 ticks behind
[16:39:03] [Server thread/WARN]: Can't keep up! Is the server overloaded? Running 2416ms or 48 ticks behind
[16:39:27] [Server thread/WARN]: Can't keep up! Is the server overloaded? Running 2454ms or 49 ticks behind
[16:39:45] [Server thread/WARN]: Can't keep up! Is the server overloaded? Running 2270ms or 45 ticks behind
[16:40:04] [Server thread/INFO]: GLEAVE was slain by Wither Skeleton
[16:40:05] [Server thread/WARN]: Can't keep up! Is the server overloaded? Running 2002ms or 40 ticks behind
[16:40:24] [Server thread/WARN]: Can't keep up! Is the server overloaded? Running 3971ms or 79 ticks behind
[16:40:42] [Server thread/WARN]: Can't keep up! Is the server overloaded? Running 2242ms or 44 ticks behind
[16:41:23] [Server thread/WARN]: Can't keep up! Is the server overloaded? Running 2155ms or 43 ticks behind
[16:41:29] [Server thread/INFO]: GLEAVE was slain by Piglin
[16:41:41] [Server thread/WARN]: Can't keep up! Is the server overloaded? Running 3239ms or 64 ticks behind
[16:41:45] [Server thread/WARN]: Fetching packet for removed entity class_1542[''/24177, l='ServerLevel[world]', x=-381.32, y=69.00, z=-647.72]
[16:41:59] [Server thread/WARN]: Can't keep up! Is the server overloaded? Running 2072ms or 41 ticks behind
[16:42:07] [Server thread/INFO]: LanBingLB was blown up by Creeper
[16:42:54] [Server thread/WARN]: Can't keep up! Is the server overloaded? Running 7630ms or 152 ticks behind
[16:43:12] [Server thread/INFO]: GLEAVE has made the advancement [A Terrible Fortress]
[16:43:17] [Server thread/INFO]: GLEAVE was slain by Wither Skeleton
[16:45:24] [Server thread/INFO]: GLEAVE was slain by Wither Skeleton
[16:47:08] [Server thread/INFO]: GLEAVE was slain by Enderman
[16:57:58] [Server thread/INFO]: <GLEAVE> åœ¨å—ï¼ŒLanBing
[16:58:51] [Server thread/INFO]: GLEAVE was impaled by Drowned
[16:59:13] [Server thread/INFO]: GLEAVE was impaled by Drowned
[17:12:19] [Server thread/INFO]: Stopping the server
[17:12:19] [Server thread/INFO]: Stopping server
[17:12:19] [Server thread/INFO]: Saving players
[17:12:19] [Server thread/INFO]: Saving worlds
[17:12:19] [Server thread/INFO]: Saving chunks for level 'ServerLevel[world]'/minecraft:overworld
[17:12:21] [Server thread/INFO]: ThreadedAnvilChunkStorage (world): All chunks are saved
[17:12:21] [Server thread/INFO]: Saving chunks for level 'ServerLevel[world]'/minecraft:the_nether
[17:12:21] [Server thread/INFO]: ThreadedAnvilChunkStorage (DIM-1): All chunks are saved
[17:12:21] [Server thread/INFO]: Saving chunks for level 'ServerLevel[world]'/minecraft:the_end
[17:12:21] [Server thread/INFO]: ThreadedAnvilChunkStorage (DIM1): All chunks are saved
[17:12:21] [Server thread/INFO]: ThreadedAnvilChunkStorage (world): All chunks are saved
[17:12:21] [Server thread/INFO]: ThreadedAnvilChunkStorage (DIM-1): All chunks are saved
[17:12:21] [Server thread/INFO]: ThreadedAnvilChunkStorage (DIM1): All chunks are saved
